TN:
SF:src/clase-18-04.ts
FN:9,(anonymous_0)
FN:15,(anonymous_1)
FN:34,(anonymous_2)
FN:38,(anonymous_3)
FN:49,(anonymous_4)
FN:56,(anonymous_5)
FN:58,(anonymous_6)
FN:67,(anonymous_7)
FN:77,(anonymous_8)
FN:85,(anonymous_9)
FN:87,(anonymous_10)
FN:96,(anonymous_11)
FN:106,(anonymous_12)
FN:114,(anonymous_13)
FN:116,(anonymous_14)
FN:125,(anonymous_15)
FN:135,(anonymous_16)
FN:143,(anonymous_17)
FN:145,(anonymous_18)
FN:154,(anonymous_19)
FNF:20
FNH:20
FNDA:4,(anonymous_0)
FNDA:4,(anonymous_1)
FNDA:2,(anonymous_2)
FNDA:2,(anonymous_3)
FNDA:1,(anonymous_4)
FNDA:1,(anonymous_5)
FNDA:6,(anonymous_6)
FNDA:1,(anonymous_7)
FNDA:1,(anonymous_8)
FNDA:1,(anonymous_9)
FNDA:6,(anonymous_10)
FNDA:1,(anonymous_11)
FNDA:1,(anonymous_12)
FNDA:1,(anonymous_13)
FNDA:6,(anonymous_14)
FNDA:1,(anonymous_15)
FNDA:1,(anonymous_16)
FNDA:1,(anonymous_17)
FNDA:6,(anonymous_18)
FNDA:1,(anonymous_19)
DA:4,1
DA:9,4
DA:16,4
DA:18,4
DA:19,4
DA:21,4
DA:22,4
DA:44,1
DA:49,1
DA:50,1
DA:57,1
DA:58,1
DA:59,6
DA:61,1
DA:68,1
DA:72,1
DA:77,1
DA:78,1
DA:86,1
DA:87,1
DA:88,6
DA:90,1
DA:97,1
DA:101,1
DA:106,1
DA:107,1
DA:115,1
DA:116,1
DA:117,6
DA:119,1
DA:126,1
DA:130,1
DA:135,1
DA:136,1
DA:144,1
DA:145,1
DA:146,6
DA:148,1
DA:155,1
LF:39
LH:39
BRDA:49,0,0,1
BRDA:77,1,0,1
BRDA:106,2,0,1
BRDA:135,3,0,1
BRF:4
BRH:4
end_of_record
TN:
SF:src/AlgoritmoBase/Algoritmo.ts
FN:10,(anonymous_0)
FN:16,(anonymous_1)
FN:22,(anonymous_2)
FN:28,(anonymous_3)
FN:34,(anonymous_4)
FNF:5
FNH:5
FNDA:1,(anonymous_0)
FNDA:1,(anonymous_1)
FNDA:1,(anonymous_2)
FNDA:2,(anonymous_3)
FNDA:2,(anonymous_4)
DA:5,1
DA:10,1
DA:17,1
DA:23,1
DA:29,2
DA:35,2
LF:6
LH:6
BRF:0
BRH:0
end_of_record
TN:
SF:src/Algoritmos/bubblesort.ts
FN:11,(anonymous_0)
FNF:1
FNH:1
FNDA:1,(anonymous_0)
DA:6,1
DA:12,1
DA:14,1
DA:15,6
DA:16,30
DA:17,11
DA:18,11
DA:19,11
DA:23,1
LF:9
LH:9
BRDA:16,0,0,11
BRDA:16,0,1,19
BRF:2
BRH:2
end_of_record
TN:
SF:src/Algoritmos/mergesort.ts
FN:11,(anonymous_0)
FN:18,(anonymous_1)
FN:34,(anonymous_2)
FNF:3
FNH:3
FNDA:1,(anonymous_0)
FNDA:7,(anonymous_1)
FNDA:7,(anonymous_2)
DA:6,1
DA:12,1
DA:19,7
DA:20,7
DA:21,7
DA:22,7
DA:23,3
DA:24,3
DA:26,7
DA:35,7
DA:36,7
DA:37,7
DA:38,7
DA:39,7
DA:40,7
DA:41,18
DA:42,18
DA:43,18
DA:44,17
DA:45,8
DA:46,8
DA:48,9
DA:49,3
DA:50,3
DA:52,6
DA:53,6
DA:57,1
DA:58,1
DA:61,7
LF:29
LH:29
BRDA:22,0,0,3
BRDA:22,0,1,4
BRDA:40,1,0,25
BRDA:40,1,1,8
BRDA:43,2,0,17
BRDA:43,2,1,1
BRDA:44,3,0,8
BRDA:44,3,1,9
BRDA:48,4,0,3
BRDA:48,4,1,6
BRF:10
BRH:10
end_of_record
